# JRE version: Java(TM) SE Runtime Environment (8.0_131-b11) (build 1.8.0_131-b11)
# Java VM: Java HotSpot(TM) 64-Bit Server VM (25.131-b11 mixed mode bsd-amd64 compressed oops)
Heap:
 PSYoungGen      total 633344K, used 403693K [0x0000000795580000, 0x00000007c0000000, 0x00000007c0000000)
  eden space 592384K, 61% used [0x0000000795580000,0x00000007ab826e10,0x00000007b9800000)
  from space 40960K, 98% used [0x00000007b9800000,0x00000007bbf947d0,0x00000007bc000000)
  to   space 55808K, 0% used [0x00000007bc980000,0x00000007bc980000,0x00000007c0000000)
 ParOldGen       total 240640K, used 203580K [0x0000000740000000, 0x000000074eb00000, 0x0000000795580000)
  object space 240640K, 84% used [0x0000000740000000,0x000000074c6cf308,0x000000074eb00000)
 Metaspace       used 58788K, capacity 59295K, committed 59776K, reserved 1101824K
  class space    used 8134K, capacity 8289K, committed 8320K, reserved 1048576K
GC Heap History (10 events):
Event: 23.869 GC heap before
{Heap before GC invocations=25 (full 4):
 PSYoungGen      total 642560K, used 641884K [0x0000000795580000, 0x00000007c0000000, 0x00000007c0000000)
  eden space 600576K, 100% used [0x0000000795580000,0x00000007ba000000,0x00000007ba000000)
  from space 41984K, 98% used [0x00000007bd180000,0x00000007bf9d7368,0x00000007bfa80000)
  to   space 49152K, 0% used [0x00000007ba000000,0x00000007ba000000,0x00000007bd000000)
 ParOldGen       total 240640K, used 136426K [0x0000000740000000, 0x000000074eb00000, 0x0000000795580000)
  object space 240640K, 56% used [0x0000000740000000,0x000000074853ab50,0x000000074eb00000)
 Metaspace       used 51030K, capacity 51427K, committed 51968K, reserved 1093632K
  class space    used 7284K, capacity 7405K, committed 7424K, reserved 1048576K
Event: 23.933 GC heap after
Heap after GC invocations=25 (full 4):
 PSYoungGen      total 649728K, used 49136K [0x0000000795580000, 0x00000007c0000000, 0x00000007c0000000)
  eden space 600576K, 0% used [0x0000000795580000,0x0000000795580000,0x00000007ba000000)
  from space 49152K, 99% used [0x00000007ba000000,0x00000007bcffc260,0x00000007bd000000)
  to   space 49152K, 0% used [0x00000007bd000000,0x00000007bd000000,0x00000007c0000000)
 ParOldGen       total 240640K, used 137023K [0x0000000740000000, 0x000000074eb00000, 0x0000000795580000)
  object space 240640K, 56% used [0x0000000740000000,0x00000007485cfc50,0x000000074eb00000)
 Metaspace       used 51030K, capacity 51427K, committed 51968K, reserved 1093632K
  class space    used 7284K, capacity 7405K, committed 7424K, reserved 1048576K
}
Event: 24.502 GC heap before
{Heap before GC invocations=26 (full 4):
 PSYoungGen      total 649728K, used 649712K [0x0000000795580000, 0x00000007c0000000, 0x00000007c0000000)
  eden space 600576K, 100% used [0x0000000795580000,0x00000007ba000000,0x00000007ba000000)
  from space 49152K, 99% used [0x00000007ba000000,0x00000007bcffc260,0x00000007bd000000)
  to   space 49152K, 0% used [0x00000007bd000000,0x00000007bd000000,0x00000007c0000000)
 ParOldGen       total 240640K, used 137023K [0x0000000740000000, 0x000000074eb00000, 0x0000000795580000)
  object space 240640K, 56% used [0x0000000740000000,0x00000007485cfc50,0x000000074eb00000)
 Metaspace       used 52012K, capacity 52421K, committed 52864K, reserved 1095680K
  class space    used 7395K, capacity 7502K, committed 7552K, reserved 1048576K
Event: 24.577 GC heap after
Heap after GC invocations=26 (full 4):
 PSYoungGen      total 638464K, used 15535K [0x0000000795580000, 0x00000007c0000000, 0x00000007c0000000)
  eden space 589312K, 0% used [0x0000000795580000,0x0000000795580000,0x00000007b9500000)
  from space 49152K, 31% used [0x00000007bd000000,0x00000007bdf2bd50,0x00000007c0000000)
  to   space 54784K, 0% used [0x00000007b9500000,0x00000007b9500000,0x00000007bca80000)
 ParOldGen       total 240640K, used 175167K [0x0000000740000000, 0x000000074eb00000, 0x0000000795580000)
  object space 240640K, 72% used [0x0000000740000000,0x000000074ab0ffa8,0x000000074eb00000)
 Metaspace       used 52012K, capacity 52421K, committed 52864K, reserved 1095680K
  class space    used 7395K, capacity 7502K, committed 7552K, reserved 1048576K
}
Event: 27.990 GC heap before
{Heap before GC invocations=27 (full 4):
 PSYoungGen      total 638464K, used 604847K [0x0000000795580000, 0x00000007c0000000, 0x00000007c0000000)
  eden space 589312K, 100% used [0x0000000795580000,0x00000007b9500000,0x00000007b9500000)
  from space 49152K, 31% used [0x00000007bd000000,0x00000007bdf2bd50,0x00000007c0000000)
  to   space 54784K, 0% used [0x00000007b9500000,0x00000007b9500000,0x00000007bca80000)
 ParOldGen       total 240640K, used 175167K [0x0000000740000000, 0x000000074eb00000, 0x0000000795580000)
  object space 240640K, 72% used [0x0000000740000000,0x000000074ab0ffa8,0x000000074eb00000)
 Metaspace       used 56489K, capacity 56909K, committed 57344K, reserved 1097728K
  class space    used 7950K, capacity 8094K, committed 8192K, reserved 1048576K
Event: 28.017 GC heap after
Heap after GC invocations=27 (full 4):
 PSYoungGen      total 644096K, used 21582K [0x0000000795580000, 0x00000007bff80000, 0x00000007c0000000)
  eden space 589312K, 0% used [0x0000000795580000,0x0000000795580000,0x00000007b9500000)
  from space 54784K, 39% used [0x00000007b9500000,0x00000007baa13878,0x00000007bca80000)
  to   space 51712K, 0% used [0x00000007bcd00000,0x00000007bcd00000,0x00000007bff80000)
 ParOldGen       total 240640K, used 185091K [0x0000000740000000, 0x000000074eb00000, 0x0000000795580000)
  object space 240640K, 76% used [0x0000000740000000,0x000000074b4c0ed0,0x000000074eb00000)
 Metaspace       used 56489K, capacity 56909K, committed 57344K, reserved 1097728K
  class space    used 7950K, capacity 8094K, committed 8192K, reserved 1048576K
}
Event: 30.039 GC heap before
{Heap before GC invocations=28 (full 4):
 PSYoungGen      total 644096K, used 610894K [0x0000000795580000, 0x00000007bff80000, 0x00000007c0000000)
  eden space 589312K, 100% used [0x0000000795580000,0x00000007b9500000,0x00000007b9500000)
  from space 54784K, 39% used [0x00000007b9500000,0x00000007baa13878,0x00000007bca80000)
  to   space 51712K, 0% used [0x00000007bcd00000,0x00000007bcd00000,0x00000007bff80000)
 ParOldGen       total 240640K, used 185091K [0x0000000740000000, 0x000000074eb00000, 0x0000000795580000)
  object space 240640K, 76% used [0x0000000740000000,0x000000074b4c0ed0,0x000000074eb00000)
 Metaspace       used 56490K, capacity 56909K, committed 57344K, reserved 1097728K
  class space    used 7951K, capacity 8094K, committed 8192K, reserved 1048576K
Event: 30.076 GC heap after
Heap after GC invocations=28 (full 4):
 PSYoungGen      total 640512K, used 6045K [0x0000000795580000, 0x00000007bfc00000, 0x00000007c0000000)
  eden space 592384K, 0% used [0x0000000795580000,0x0000000795580000,0x00000007b9800000)
  from space 48128K, 12% used [0x00000007bcd00000,0x00000007bd2e77f0,0x00000007bfc00000)
  to   space 51200K, 0% used [0x00000007b9800000,0x00000007b9800000,0x00000007bca00000)
 ParOldGen       total 240640K, used 200524K [0x0000000740000000, 0x000000074eb00000, 0x0000000795580000)
  object space 240640K, 83% used [0x0000000740000000,0x000000074c3d32f8,0x000000074eb00000)
 Metaspace       used 56490K, capacity 56909K, committed 57344K, reserved 1097728K
  class space    used 7951K, capacity 8094K, committed 8192K, reserved 1048576K
}
Event: 32.156 GC heap before
{Heap before GC invocations=29 (full 4):
 PSYoungGen      total 640512K, used 584048K [0x0000000795580000, 0x00000007bfc00000, 0x00000007c0000000)
  eden space 592384K, 97% used [0x0000000795580000,0x00000007b89f49e8,0x00000007b9800000)
  from space 48128K, 12% used [0x00000007bcd00000,0x00000007bd2e77f0,0x00000007bfc00000)
  to   space 51200K, 0% used [0x00000007b9800000,0x00000007b9800000,0x00000007bca00000)
 ParOldGen       total 240640K, used 200524K [0x0000000740000000, 0x000000074eb00000, 0x0000000795580000)
  object space 240640K, 83% used [0x0000000740000000,0x000000074c3d32f8,0x000000074eb00000)
 Metaspace       used 58188K, capacity 58713K, committed 59264K, reserved 1099776K
  class space    used 8121K, capacity 8288K, committed 8320K, reserved 1048576K
Event: 32.190 GC heap after
Heap after GC invocations=29 (full 4):
 PSYoungGen      total 633344K, used 40529K [0x0000000795580000, 0x00000007c0000000, 0x00000007c0000000)
  eden space 592384K, 0% used [0x0000000795580000,0x0000000795580000,0x00000007b9800000)
  from space 40960K, 98% used [0x00000007b9800000,0x00000007bbf947d0,0x00000007bc000000)
  to   space 55808K, 0% used [0x00000007bc980000,0x00000007bc980000,0x00000007c0000000)
 ParOldGen       total 240640K, used 203580K [0x0000000740000000, 0x000000074eb00000, 0x0000000795580000)
  object space 240640K, 84% used [0x0000000740000000,0x000000074c6cf308,0x000000074eb00000)
 Metaspace       used 58188K, capacity 58713K, committed 59264K, reserved 1099776K
  class space    used 8121K, capacity 8288K, committed 8320K, reserved 1048576K
}

