# JRE version: Java(TM) SE Runtime Environment (8.0_131-b11) (build 1.8.0_131-b11)
# Java VM: Java HotSpot(TM) 64-Bit Server VM (25.131-b11 mixed mode bsd-amd64 compressed oops)
Heap:
 PSYoungGen      total 294912K, used 187384K [0x0000000795580000, 0x00000007af200000, 0x00000007c0000000)
  eden space 269824K, 62% used [0x0000000795580000,0x000000079fa0df38,0x00000007a5d00000)
  from space 25088K, 75% used [0x00000007a5d00000,0x00000007a6f702a0,0x00000007a7580000)
  to   space 27136K, 0% used [0x00000007ad780000,0x00000007ad780000,0x00000007af200000)
 ParOldGen       total 110592K, used 62632K [0x0000000740000000, 0x0000000746c00000, 0x0000000795580000)
  object space 110592K, 56% used [0x0000000740000000,0x0000000743d2a108,0x0000000746c00000)
 Metaspace       used 39800K, capacity 40078K, committed 40448K, reserved 1083392K
  class space    used 5986K, capacity 6098K, committed 6144K, reserved 1048576K
GC Heap History (10 events):
Event: 8.706 GC heap before
{Heap before GC invocations=14 (full 2):
 PSYoungGen      total 185856K, used 185844K [0x0000000795580000, 0x00000007a4980000, 0x00000007c0000000)
  eden space 175616K, 100% used [0x0000000795580000,0x00000007a0100000,0x00000007a0100000)
  from space 10240K, 99% used [0x00000007a0100000,0x00000007a0afd0c0,0x00000007a0b00000)
  to   space 18944K, 0% used [0x00000007a3700000,0x00000007a3700000,0x00000007a4980000)
 ParOldGen       total 49664K, used 30768K [0x0000000740000000, 0x0000000743080000, 0x0000000795580000)
  object space 49664K, 61% used [0x0000000740000000,0x0000000741e0c2f0,0x0000000743080000)
 Metaspace       used 31841K, capacity 32160K, committed 32512K, reserved 1077248K
  class space    used 4721K, capacity 4845K, committed 4864K, reserved 1048576K
Event: 8.726 GC heap after
Heap after GC invocations=14 (full 2):
 PSYoungGen      total 228352K, used 16840K [0x0000000795580000, 0x00000007a6e00000, 0x00000007c0000000)
  eden space 209408K, 0% used [0x0000000795580000,0x0000000795580000,0x00000007a2200000)
  from space 18944K, 88% used [0x00000007a3700000,0x00000007a47723d8,0x00000007a4980000)
  to   space 21504K, 0% used [0x00000007a2200000,0x00000007a2200000,0x00000007a3700000)
 ParOldGen       total 49664K, used 40523K [0x0000000740000000, 0x0000000743080000, 0x0000000795580000)
  object space 49664K, 81% used [0x0000000740000000,0x0000000742792cd0,0x0000000743080000)
 Metaspace       used 31841K, capacity 32160K, committed 32512K, reserved 1077248K
  class space    used 4721K, capacity 4845K, committed 4864K, reserved 1048576K
}
Event: 8.726 GC heap before
{Heap before GC invocations=15 (full 3):
 PSYoungGen      total 228352K, used 16840K [0x0000000795580000, 0x00000007a6e00000, 0x00000007c0000000)
  eden space 209408K, 0% used [0x0000000795580000,0x0000000795580000,0x00000007a2200000)
  from space 18944K, 88% used [0x00000007a3700000,0x00000007a47723d8,0x00000007a4980000)
  to   space 21504K, 0% used [0x00000007a2200000,0x00000007a2200000,0x00000007a3700000)
 ParOldGen       total 49664K, used 40523K [0x0000000740000000, 0x0000000743080000, 0x0000000795580000)
  object space 49664K, 81% used [0x0000000740000000,0x0000000742792cd0,0x0000000743080000)
 Metaspace       used 31841K, capacity 32160K, committed 32512K, reserved 1077248K
  class space    used 4721K, capacity 4845K, committed 4864K, reserved 1048576K
Event: 8.807 GC heap after
Heap after GC invocations=15 (full 3):
 PSYoungGen      total 228352K, used 0K [0x0000000795580000, 0x00000007a6e00000, 0x00000007c0000000)
  eden space 209408K, 0% used [0x0000000795580000,0x0000000795580000,0x00000007a2200000)
  from space 18944K, 0% used [0x00000007a3700000,0x00000007a3700000,0x00000007a4980000)
  to   space 21504K, 0% used [0x00000007a2200000,0x00000007a2200000,0x00000007a3700000)
 ParOldGen       total 110592K, used 34243K [0x0000000740000000, 0x0000000746c00000, 0x0000000795580000)
  object space 110592K, 30% used [0x0000000740000000,0x0000000742170df8,0x0000000746c00000)
 Metaspace       used 31841K, capacity 32160K, committed 32512K, reserved 1077248K
  class space    used 4721K, capacity 4845K, committed 4864K, reserved 1048576K
}
Event: 10.548 GC heap before
{Heap before GC invocations=16 (full 3):
 PSYoungGen      total 228352K, used 209408K [0x0000000795580000, 0x00000007a6e00000, 0x00000007c0000000)
  eden space 209408K, 100% used [0x0000000795580000,0x00000007a2200000,0x00000007a2200000)
  from space 18944K, 0% used [0x00000007a3700000,0x00000007a3700000,0x00000007a4980000)
  to   space 21504K, 0% used [0x00000007a2200000,0x00000007a2200000,0x00000007a3700000)
 ParOldGen       total 110592K, used 34243K [0x0000000740000000, 0x0000000746c00000, 0x0000000795580000)
  object space 110592K, 30% used [0x0000000740000000,0x0000000742170df8,0x0000000746c00000)
 Metaspace       used 34612K, capacity 34926K, committed 35328K, reserved 1079296K
  class space    used 5016K, capacity 5106K, committed 5120K, reserved 1048576K
Event: 10.563 GC heap after
Heap after GC invocations=16 (full 3):
 PSYoungGen      total 230912K, used 19921K [0x0000000795580000, 0x00000007a8d00000, 0x00000007c0000000)
  eden space 209408K, 0% used [0x0000000795580000,0x0000000795580000,0x00000007a2200000)
  from space 21504K, 92% used [0x00000007a2200000,0x00000007a35746b8,0x00000007a3700000)
  to   space 24064K, 0% used [0x00000007a7580000,0x00000007a7580000,0x00000007a8d00000)
 ParOldGen       total 110592K, used 34251K [0x0000000740000000, 0x0000000746c00000, 0x0000000795580000)
  object space 110592K, 30% used [0x0000000740000000,0x0000000742172df8,0x0000000746c00000)
 Metaspace       used 34612K, capacity 34926K, committed 35328K, reserved 1079296K
  class space    used 5016K, capacity 5106K, committed 5120K, reserved 1048576K
}
Event: 11.940 GC heap before
{Heap before GC invocations=17 (full 3):
 PSYoungGen      total 230912K, used 229329K [0x0000000795580000, 0x00000007a8d00000, 0x00000007c0000000)
  eden space 209408K, 100% used [0x0000000795580000,0x00000007a2200000,0x00000007a2200000)
  from space 21504K, 92% used [0x00000007a2200000,0x00000007a35746b8,0x00000007a3700000)
  to   space 24064K, 0% used [0x00000007a7580000,0x00000007a7580000,0x00000007a8d00000)
 ParOldGen       total 110592K, used 34251K [0x0000000740000000, 0x0000000746c00000, 0x0000000795580000)
  object space 110592K, 30% used [0x0000000740000000,0x0000000742172df8,0x0000000746c00000)
 Metaspace       used 35970K, capacity 36302K, committed 36608K, reserved 1081344K
  class space    used 5257K, capacity 5330K, committed 5376K, reserved 1048576K
Event: 11.975 GC heap after
Heap after GC invocations=17 (full 3):
 PSYoungGen      total 293888K, used 16244K [0x0000000795580000, 0x00000007a9580000, 0x00000007c0000000)
  eden space 269824K, 0% used [0x0000000795580000,0x0000000795580000,0x00000007a5d00000)
  from space 24064K, 67% used [0x00000007a7580000,0x00000007a855d100,0x00000007a8d00000)
  to   space 25088K, 0% used [0x00000007a5d00000,0x00000007a5d00000,0x00000007a7580000)
 ParOldGen       total 110592K, used 49927K [0x0000000740000000, 0x0000000746c00000, 0x0000000795580000)
  object space 110592K, 45% used [0x0000000740000000,0x00000007430c1d38,0x0000000746c00000)
 Metaspace       used 35970K, capacity 36302K, committed 36608K, reserved 1081344K
  class space    used 5257K, capacity 5330K, committed 5376K, reserved 1048576K
}
Event: 13.054 GC heap before
{Heap before GC invocations=18 (full 3):
 PSYoungGen      total 293888K, used 286068K [0x0000000795580000, 0x00000007a9580000, 0x00000007c0000000)
  eden space 269824K, 100% used [0x0000000795580000,0x00000007a5d00000,0x00000007a5d00000)
  from space 24064K, 67% used [0x00000007a7580000,0x00000007a855d100,0x00000007a8d00000)
  to   space 25088K, 0% used [0x00000007a5d00000,0x00000007a5d00000,0x00000007a7580000)
 ParOldGen       total 110592K, used 49927K [0x0000000740000000, 0x0000000746c00000, 0x0000000795580000)
  object space 110592K, 45% used [0x0000000740000000,0x00000007430c1d38,0x0000000746c00000)
 Metaspace       used 37835K, capacity 38094K, committed 38528K, reserved 1081344K
  class space    used 5652K, capacity 5714K, committed 5760K, reserved 1048576K
Event: 13.093 GC heap after
Heap after GC invocations=18 (full 3):
 PSYoungGen      total 294912K, used 18880K [0x0000000795580000, 0x00000007af200000, 0x00000007c0000000)
  eden space 269824K, 0% used [0x0000000795580000,0x0000000795580000,0x00000007a5d00000)
  from space 25088K, 75% used [0x00000007a5d00000,0x00000007a6f702a0,0x00000007a7580000)
  to   space 27136K, 0% used [0x00000007ad780000,0x00000007ad780000,0x00000007af200000)
 ParOldGen       total 110592K, used 62632K [0x0000000740000000, 0x0000000746c00000, 0x0000000795580000)
  object space 110592K, 56% used [0x0000000740000000,0x0000000743d2a108,0x0000000746c00000)
 Metaspace       used 37835K, capacity 38094K, committed 38528K, reserved 1081344K
  class space    used 5652K, capacity 5714K, committed 5760K, reserved 1048576K
}

