# JRE version: Java(TM) SE Runtime Environment (8.0_131-b11) (build 1.8.0_131-b11)
# Java VM: Java HotSpot(TM) 64-Bit Server VM (25.131-b11 mixed mode bsd-amd64 compressed oops)
Heap:
 PSYoungGen      total 643072K, used 565370K [0x0000000795580000, 0x00000007c0000000, 0x00000007c0000000)
  eden space 592896K, 90% used [0x0000000795580000,0x00000007b60426d8,0x00000007b9880000)
  from space 50176K, 59% used [0x00000007b9880000,0x00000007bb5dc168,0x00000007bc980000)
  to   space 50688K, 0% used [0x00000007bce80000,0x00000007bce80000,0x00000007c0000000)
 ParOldGen       total 242688K, used 204720K [0x0000000740000000, 0x000000074ed00000, 0x0000000795580000)
  object space 242688K, 84% used [0x0000000740000000,0x000000074c7ec3c8,0x000000074ed00000)
 Metaspace       used 58753K, capacity 59295K, committed 59776K, reserved 1101824K
  class space    used 8128K, capacity 8289K, committed 8320K, reserved 1048576K
GC Heap History (10 events):
Event: 27.207 GC heap before
{Heap before GC invocations=25 (full 4):
 PSYoungGen      total 603136K, used 589032K [0x0000000795580000, 0x00000007c0000000, 0x00000007c0000000)
  eden space 563200K, 100% used [0x0000000795580000,0x00000007b7b80000,0x00000007b7b80000)
  from space 39936K, 64% used [0x00000007ba380000,0x00000007bbcba020,0x00000007bca80000)
  to   space 40960K, 0% used [0x00000007b7b80000,0x00000007b7b80000,0x00000007ba380000)
 ParOldGen       total 242688K, used 127299K [0x0000000740000000, 0x000000074ed00000, 0x0000000795580000)
  object space 242688K, 52% used [0x0000000740000000,0x0000000747c50d40,0x000000074ed00000)
 Metaspace       used 51048K, capacity 51427K, committed 51968K, reserved 1093632K
  class space    used 7285K, capacity 7405K, committed 7424K, reserved 1048576K
Event: 27.267 GC heap after
Heap after GC invocations=25 (full 4):
 PSYoungGen      total 604160K, used 40959K [0x0000000795580000, 0x00000007c0000000, 0x00000007c0000000)
  eden space 563200K, 0% used [0x0000000795580000,0x0000000795580000,0x00000007b7b80000)
  from space 40960K, 99% used [0x00000007b7b80000,0x00000007ba37ff10,0x00000007ba380000)
  to   space 53248K, 0% used [0x00000007bcc00000,0x00000007bcc00000,0x00000007c0000000)
 ParOldGen       total 242688K, used 144250K [0x0000000740000000, 0x000000074ed00000, 0x0000000795580000)
  object space 242688K, 59% used [0x0000000740000000,0x0000000748cde930,0x000000074ed00000)
 Metaspace       used 51048K, capacity 51427K, committed 51968K, reserved 1093632K
  class space    used 7285K, capacity 7405K, committed 7424K, reserved 1048576K
}
Event: 27.336 GC heap before
{Heap before GC invocations=26 (full 4):
 PSYoungGen      total 604160K, used 604159K [0x0000000795580000, 0x00000007c0000000, 0x00000007c0000000)
  eden space 563200K, 100% used [0x0000000795580000,0x00000007b7b80000,0x00000007b7b80000)
  from space 40960K, 99% used [0x00000007b7b80000,0x00000007ba37ff10,0x00000007ba380000)
  to   space 53248K, 0% used [0x00000007bcc00000,0x00000007bcc00000,0x00000007c0000000)
 ParOldGen       total 242688K, used 144250K [0x0000000740000000, 0x000000074ed00000, 0x0000000795580000)
  object space 242688K, 59% used [0x0000000740000000,0x0000000748cde930,0x000000074ed00000)
 Metaspace       used 51111K, capacity 51491K, committed 51968K, reserved 1093632K
  class space    used 7293K, capacity 7405K, committed 7424K, reserved 1048576K
Event: 27.375 GC heap after
Heap after GC invocations=26 (full 4):
 PSYoungGen      total 646144K, used 29217K [0x0000000795580000, 0x00000007c0000000, 0x00000007c0000000)
  eden space 592896K, 0% used [0x0000000795580000,0x0000000795580000,0x00000007b9880000)
  from space 53248K, 54% used [0x00000007bcc00000,0x00000007be888610,0x00000007c0000000)
  to   space 52736K, 0% used [0x00000007b9880000,0x00000007b9880000,0x00000007bcc00000)
 ParOldGen       total 242688K, used 156106K [0x0000000740000000, 0x000000074ed00000, 0x0000000795580000)
  object space 242688K, 64% used [0x0000000740000000,0x0000000749872b90,0x000000074ed00000)
 Metaspace       used 51111K, capacity 51491K, committed 51968K, reserved 1093632K
  class space    used 7293K, capacity 7405K, committed 7424K, reserved 1048576K
}
Event: 29.433 GC heap before
{Heap before GC invocations=27 (full 4):
 PSYoungGen      total 646144K, used 620672K [0x0000000795580000, 0x00000007c0000000, 0x00000007c0000000)
  eden space 592896K, 99% used [0x0000000795580000,0x00000007b9717c00,0x00000007b9880000)
  from space 53248K, 54% used [0x00000007bcc00000,0x00000007be888610,0x00000007c0000000)
  to   space 52736K, 0% used [0x00000007b9880000,0x00000007b9880000,0x00000007bcc00000)
 ParOldGen       total 242688K, used 156106K [0x0000000740000000, 0x000000074ed00000, 0x0000000795580000)
  object space 242688K, 64% used [0x0000000740000000,0x0000000749872b90,0x000000074ed00000)
 Metaspace       used 56421K, capacity 56909K, committed 57344K, reserved 1097728K
  class space    used 7938K, capacity 8094K, committed 8192K, reserved 1048576K
Event: 29.484 GC heap after
Heap after GC invocations=27 (full 4):
 PSYoungGen      total 616960K, used 23609K [0x0000000795580000, 0x00000007bfa80000, 0x00000007c0000000)
  eden space 592896K, 0% used [0x0000000795580000,0x0000000795580000,0x00000007b9880000)
  from space 24064K, 98% used [0x00000007b9880000,0x00000007baf8e440,0x00000007bb000000)
  to   space 50176K, 0% used [0x00000007bc980000,0x00000007bc980000,0x00000007bfa80000)
 ParOldGen       total 242688K, used 184700K [0x0000000740000000, 0x000000074ed00000, 0x0000000795580000)
  object space 242688K, 76% used [0x0000000740000000,0x000000074b45f2f8,0x000000074ed00000)
 Metaspace       used 56421K, capacity 56909K, committed 57344K, reserved 1097728K
  class space    used 7938K, capacity 8094K, committed 8192K, reserved 1048576K
}
Event: 32.024 GC heap before
{Heap before GC invocations=28 (full 4):
 PSYoungGen      total 616960K, used 616505K [0x0000000795580000, 0x00000007bfa80000, 0x00000007c0000000)
  eden space 592896K, 100% used [0x0000000795580000,0x00000007b9880000,0x00000007b9880000)
  from space 24064K, 98% used [0x00000007b9880000,0x00000007baf8e440,0x00000007bb000000)
  to   space 50176K, 0% used [0x00000007bc980000,0x00000007bc980000,0x00000007bfa80000)
 ParOldGen       total 242688K, used 184700K [0x0000000740000000, 0x000000074ed00000, 0x0000000795580000)
  object space 242688K, 76% used [0x0000000740000000,0x000000074b45f2f8,0x000000074ed00000)
 Metaspace       used 56481K, capacity 56909K, committed 57344K, reserved 1097728K
  class space    used 7945K, capacity 8094K, committed 8192K, reserved 1048576K
Event: 32.048 GC heap after
Heap after GC invocations=28 (full 4):
 PSYoungGen      total 643072K, used 6930K [0x0000000795580000, 0x00000007c0000000, 0x00000007c0000000)
  eden space 592896K, 0% used [0x0000000795580000,0x0000000795580000,0x00000007b9880000)
  from space 50176K, 13% used [0x00000007bc980000,0x00000007bd044b20,0x00000007bfa80000)
  to   space 50176K, 0% used [0x00000007b9880000,0x00000007b9880000,0x00000007bc980000)
 ParOldGen       total 242688K, used 199959K [0x0000000740000000, 0x000000074ed00000, 0x0000000795580000)
  object space 242688K, 82% used [0x0000000740000000,0x000000074c345fa0,0x000000074ed00000)
 Metaspace       used 56481K, capacity 56909K, committed 57344K, reserved 1097728K
  class space    used 7945K, capacity 8094K, committed 8192K, reserved 1048576K
}
Event: 34.458 GC heap before
{Heap before GC invocations=29 (full 4):
 PSYoungGen      total 643072K, used 599826K [0x0000000795580000, 0x00000007c0000000, 0x00000007c0000000)
  eden space 592896K, 100% used [0x0000000795580000,0x00000007b9880000,0x00000007b9880000)
  from space 50176K, 13% used [0x00000007bc980000,0x00000007bd044b20,0x00000007bfa80000)
  to   space 50176K, 0% used [0x00000007b9880000,0x00000007b9880000,0x00000007bc980000)
 ParOldGen       total 242688K, used 199959K [0x0000000740000000, 0x000000074ed00000, 0x0000000795580000)
  object space 242688K, 82% used [0x0000000740000000,0x000000074c345fa0,0x000000074ed00000)
 Metaspace       used 57590K, capacity 58073K, committed 58752K, reserved 1099776K
  class space    used 8062K, capacity 8224K, committed 8320K, reserved 1048576K
Event: 34.510 GC heap after
Heap after GC invocations=29 (full 4):
 PSYoungGen      total 643072K, used 30064K [0x0000000795580000, 0x00000007c0000000, 0x00000007c0000000)
  eden space 592896K, 0% used [0x0000000795580000,0x0000000795580000,0x00000007b9880000)
  from space 50176K, 59% used [0x00000007b9880000,0x00000007bb5dc168,0x00000007bc980000)
  to   space 50688K, 0% used [0x00000007bce80000,0x00000007bce80000,0x00000007c0000000)
 ParOldGen       total 242688K, used 204720K [0x0000000740000000, 0x000000074ed00000, 0x0000000795580000)
  object space 242688K, 84% used [0x0000000740000000,0x000000074c7ec3c8,0x000000074ed00000)
 Metaspace       used 57590K, capacity 58073K, committed 58752K, reserved 1099776K
  class space    used 8062K, capacity 8224K, committed 8320K, reserved 1048576K
}

